TN:
SF:app.js
FN:11,(anonymous_0)
FN:15,(anonymous_1)
FN:20,(anonymous_2)
FN:26,(anonymous_3)
FN:31,(anonymous_4)
FN:41,(anonymous_5)
FN:52,(anonymous_6)
FN:62,(anonymous_7)
FN:76,(anonymous_8)
FN:85,(anonymous_9)
FNF:10
FNH:9
FNDA:1,(anonymous_0)
FNDA:1,(anonymous_1)
FNDA:14,(anonymous_2)
FNDA:2,(anonymous_3)
FNDA:3,(anonymous_4)
FNDA:6,(anonymous_5)
FNDA:2,(anonymous_6)
FNDA:3,(anonymous_7)
FNDA:2,(anonymous_8)
FNDA:0,(anonymous_9)
DA:1,1
DA:2,1
DA:3,1
DA:5,1
DA:8,1
DA:11,1
DA:12,1
DA:15,1
DA:16,1
DA:20,1
DA:21,14
DA:22,14
DA:23,14
DA:26,1
DA:27,2
DA:28,2
DA:31,1
DA:32,3
DA:34,3
DA:35,2
DA:38,1
DA:41,1
DA:42,6
DA:43,6
DA:45,6
DA:46,1
DA:49,5
DA:52,1
DA:53,2
DA:55,2
DA:56,1
DA:59,1
DA:62,1
DA:63,3
DA:64,3
DA:66,3
DA:67,1
DA:70,2
DA:71,2
DA:73,2
DA:76,1
DA:77,2
DA:85,1
DA:86,0
DA:87,0
DA:91,1
LF:46
LH:44
BRDA:34,0,0,2
BRDA:34,0,1,1
BRDA:45,1,0,1
BRDA:45,1,1,5
BRDA:55,2,0,1
BRDA:55,2,1,1
BRDA:66,3,0,1
BRDA:66,3,1,2
BRF:8
BRH:8
end_of_record
TN:
SF:taskManager.js
FN:6,(anonymous_0)
FN:18,(anonymous_1)
FN:22,(anonymous_2)
FN:23,(anonymous_3)
FN:26,(anonymous_4)
FN:37,(anonymous_5)
FN:38,(anonymous_6)
FN:45,(anonymous_7)
FN:46,(anonymous_8)
FN:49,(anonymous_9)
FN:54,(anonymous_10)
FN:58,(anonymous_11)
FN:59,(anonymous_12)
FN:62,(anonymous_13)
FN:63,(anonymous_14)
FNF:15
FNH:15
FNDA:49,(anonymous_0)
FNDA:7,(anonymous_1)
FNDA:21,(anonymous_2)
FNDA:17,(anonymous_3)
FNDA:16,(anonymous_4)
FNDA:5,(anonymous_5)
FNDA:4,(anonymous_6)
FNDA:4,(anonymous_7)
FNDA:9,(anonymous_8)
FNDA:47,(anonymous_9)
FNDA:3,(anonymous_10)
FNDA:3,(anonymous_11)
FNDA:6,(anonymous_12)
FNDA:3,(anonymous_13)
FNDA:6,(anonymous_14)
DA:2,2
DA:3,2
DA:7,49
DA:14,49
DA:15,49
DA:19,7
DA:23,21
DA:27,16
DA:28,16
DA:30,14
DA:31,14
DA:32,14
DA:34,14
DA:38,5
DA:39,5
DA:41,3
DA:42,3
DA:46,9
DA:50,47
DA:51,47
DA:55,3
DA:59,6
DA:63,6
DA:67,2
LF:24
LH:24
BRDA:6,0,0,44
BRDA:28,1,0,2
BRDA:28,1,1,14
BRDA:30,2,0,7
BRDA:30,2,1,7
BRDA:31,3,0,2
BRDA:31,3,1,12
BRDA:32,4,0,11
BRDA:32,4,1,3
BRDA:39,5,0,2
BRDA:39,5,1,3
BRF:11
BRH:11
end_of_record
TN:
SF:validators.js
FN:2,(anonymous_0)
FNF:1
FNH:1
FNDA:25,(anonymous_0)
DA:2,1
DA:3,25
DA:5,25
DA:6,3
DA:9,22
DA:10,1
DA:13,21
DA:14,1
DA:17,20
DA:20,1
LF:10
LH:10
BRDA:5,0,0,3
BRDA:5,0,1,22
BRDA:5,1,0,25
BRDA:5,1,1,24
BRDA:5,1,2,23
BRDA:9,2,0,1
BRDA:9,2,1,21
BRDA:13,3,0,1
BRDA:13,3,1,20
BRDA:13,4,0,21
BRDA:13,4,1,2
BRF:11
BRH:11
end_of_record
